<?xml version="1.0" encoding="UTF-8"?>
<!-- Generated by org.testng.reporters.JUnitReportReporter -->
<testsuite skipped="0" hostname="Balaji-PC" name="com.localproject.testcases.OpenSite" tests="1" failures="0" timestamp="28 Jul 2020 18:49:48 GMT" time="10.232" errors="0">
  <testcase name="f" time="10.232" classname="com.localproject.testcases.OpenSite"/>
</testsuite> <!-- com.localproject.testcases.OpenSite -->
