<?xml version="1.0" encoding="UTF-8"?>
<!-- Generated by org.testng.reporters.JUnitReportReporter -->
<testsuite skipped="0" hostname="Balaji-PC" name="com.localproject.testcases.Cart" tests="2" failures="0" timestamp="30 Jul 2020 13:54:32 GMT" time="11.838" errors="0">
  <testcase name="selectItem" time="1.376" classname="com.localproject.testcases.Cart"/>
  <testcase name="openPage" time="10.462" classname="com.localproject.testcases.Cart"/>
</testsuite> <!-- com.localproject.testcases.Cart -->
