<?xml version="1.0" encoding="UTF-8"?>
<!-- Generated by org.testng.reporters.JUnitReportReporter -->
<testsuite skipped="0" hostname="Balaji-PC" name="com.localproject.testcases.CheckTitle" tests="1" failures="0" timestamp="30 Jul 2020 14:04:02 GMT" time="11.436" errors="0">
  <testcase name="openPageTitle" time="11.436" classname="com.localproject.testcases.CheckTitle"/>
</testsuite> <!-- com.localproject.testcases.CheckTitle -->
